# JRE version: Java(TM) SE Runtime Environment (8.0_77-b03) (build 1.8.0_77-b03)
# Java VM: Java HotSpot(TM) 64-Bit Server VM (25.77-b03 mixed mode windows-amd64 compressed oops)
Heap:
 PSYoungGen      total 321536K, used 101351K [0x00000000e0000000, 0x0000000100000000, 0x0000000100000000)
  eden space 220160K, 0% used [0x00000000e0000000,0x00000000e0000000,0x00000000ed700000)
  from space 101376K, 99% used [0x00000000f9d00000,0x00000000ffff9ee8,0x0000000100000000)
  to   space 152064K, 0% used [0x00000000ed700000,0x00000000ed700000,0x00000000f6b80000)
 ParOldGen       total 283136K, used 283085K [0x00000000a0000000, 0x00000000b1480000, 0x00000000e0000000)
  object space 283136K, 99% used [0x00000000a0000000,0x00000000b1473508,0x00000000b1480000)
 Metaspace       used 85540K, capacity 91382K, committed 93696K, reserved 1130496K
  class space    used 10915K, capacity 11743K, committed 12288K, reserved 1048576K
GC Heap History (10 events):
Event: 10643.343 GC heap after
Heap after GC invocations=178 (full 26):
 PSYoungGen      total 424960K, used 37385K [0x00000000e0000000, 0x00000000ff700000, 0x0000000100000000)
  eden space 349184K, 0% used [0x00000000e0000000,0x00000000e0000000,0x00000000f5500000)
  from space 75776K, 49% used [0x00000000fad00000,0x00000000fd182468,0x00000000ff700000)
  to   space 82944K, 0% used [0x00000000f5500000,0x00000000f5500000,0x00000000fa600000)
 ParOldGen       total 259072K, used 141395K [0x00000000a0000000, 0x00000000afd00000, 0x00000000e0000000)
  object space 259072K, 54% used [0x00000000a0000000,0x00000000a8a14c88,0x00000000afd00000)
 Metaspace       used 85540K, capacity 91382K, committed 93696K, reserved 1130496K
  class space    used 10915K, capacity 11743K, committed 12288K, reserved 1048576K
}
Event: 10643.799 GC heap before
{Heap before GC invocations=179 (full 26):
 PSYoungGen      total 424960K, used 386569K [0x00000000e0000000, 0x00000000ff700000, 0x0000000100000000)
  eden space 349184K, 100% used [0x00000000e0000000,0x00000000f5500000,0x00000000f5500000)
  from space 75776K, 49% used [0x00000000fad00000,0x00000000fd182468,0x00000000ff700000)
  to   space 82944K, 0% used [0x00000000f5500000,0x00000000f5500000,0x00000000fa600000)
 ParOldGen       total 259072K, used 141395K [0x00000000a0000000, 0x00000000afd00000, 0x00000000e0000000)
  object space 259072K, 54% used [0x00000000a0000000,0x00000000a8a14c88,0x00000000afd00000)
 Metaspace       used 85540K, capacity 91382K, committed 93696K, reserved 1130496K
  class space    used 10915K, capacity 11743K, committed 12288K, reserved 1048576K
Event: 10644.001 GC heap after
Heap after GC invocations=179 (full 26):
 PSYoungGen      total 432128K, used 65821K [0x00000000e0000000, 0x0000000100000000, 0x0000000100000000)
  eden space 349184K, 0% used [0x00000000e0000000,0x00000000e0000000,0x00000000f5500000)
  from space 82944K, 79% used [0x00000000f5500000,0x00000000f95475d0,0x00000000fa600000)
  to   space 91648K, 0% used [0x00000000fa680000,0x00000000fa680000,0x0000000100000000)
 ParOldGen       total 259072K, used 153224K [0x00000000a0000000, 0x00000000afd00000, 0x00000000e0000000)
  object space 259072K, 59% used [0x00000000a0000000,0x00000000a95a2318,0x00000000afd00000)
 Metaspace       used 85540K, capacity 91382K, committed 93696K, reserved 1130496K
  class space    used 10915K, capacity 11743K, committed 12288K, reserved 1048576K
}
Event: 10644.786 GC heap before
{Heap before GC invocations=180 (full 26):
 PSYoungGen      total 432128K, used 415005K [0x00000000e0000000, 0x0000000100000000, 0x0000000100000000)
  eden space 349184K, 100% used [0x00000000e0000000,0x00000000f5500000,0x00000000f5500000)
  from space 82944K, 79% used [0x00000000f5500000,0x00000000f95475d0,0x00000000fa600000)
  to   space 91648K, 0% used [0x00000000fa680000,0x00000000fa680000,0x0000000100000000)
 ParOldGen       total 259072K, used 153224K [0x00000000a0000000, 0x00000000afd00000, 0x00000000e0000000)
  object space 259072K, 59% used [0x00000000a0000000,0x00000000a95a2318,0x00000000afd00000)
 Metaspace       used 85540K, capacity 91382K, committed 93696K, reserved 1130496K
  class space    used 10915K, capacity 11743K, committed 12288K, reserved 1048576K
Event: 10644.905 GC heap after
Heap after GC invocations=180 (full 26):
 PSYoungGen      total 433152K, used 46856K [0x00000000e0000000, 0x0000000100000000, 0x0000000100000000)
  eden space 341504K, 0% used [0x00000000e0000000,0x00000000e0000000,0x00000000f4d80000)
  from space 91648K, 51% used [0x00000000fa680000,0x00000000fd442100,0x0000000100000000)
  to   space 91136K, 0% used [0x00000000f4d80000,0x00000000f4d80000,0x00000000fa680000)
 ParOldGen       total 259072K, used 167196K [0x00000000a0000000, 0x00000000afd00000, 0x00000000e0000000)
  object space 259072K, 64% used [0x00000000a0000000,0x00000000aa347130,0x00000000afd00000)
 Metaspace       used 85540K, capacity 91382K, committed 93696K, reserved 1130496K
  class space    used 10915K, capacity 11743K, committed 12288K, reserved 1048576K
}
Event: 10645.503 GC heap before
{Heap before GC invocations=181 (full 26):
 PSYoungGen      total 433152K, used 388360K [0x00000000e0000000, 0x0000000100000000, 0x0000000100000000)
  eden space 341504K, 100% used [0x00000000e0000000,0x00000000f4d80000,0x00000000f4d80000)
  from space 91648K, 51% used [0x00000000fa680000,0x00000000fd442100,0x0000000100000000)
  to   space 91136K, 0% used [0x00000000f4d80000,0x00000000f4d80000,0x00000000fa680000)
 ParOldGen       total 259072K, used 167196K [0x00000000a0000000, 0x00000000afd00000, 0x00000000e0000000)
  object space 259072K, 64% used [0x00000000a0000000,0x00000000aa347130,0x00000000afd00000)
 Metaspace       used 85540K, capacity 91382K, committed 93696K, reserved 1130496K
  class space    used 10915K, capacity 11743K, committed 12288K, reserved 1048576K
Event: 10645.636 GC heap after
Heap after GC invocations=181 (full 26):
 PSYoungGen      total 418816K, used 77118K [0x00000000e0000000, 0x0000000100000000, 0x0000000100000000)
  eden space 341504K, 0% used [0x00000000e0000000,0x00000000e0000000,0x00000000f4d80000)
  from space 77312K, 99% used [0x00000000f4d80000,0x00000000f98cfb70,0x00000000f9900000)
  to   space 101376K, 0% used [0x00000000f9d00000,0x00000000f9d00000,0x0000000100000000)
 ParOldGen       total 259072K, used 192733K [0x00000000a0000000, 0x00000000afd00000, 0x00000000e0000000)
  object space 259072K, 74% used [0x00000000a0000000,0x00000000abc37448,0x00000000afd00000)
 Metaspace       used 85540K, capacity 91382K, committed 93696K, reserved 1130496K
  class space    used 10915K, capacity 11743K, committed 12288K, reserved 1048576K
}
Event: 10645.881 GC heap before
{Heap before GC invocations=182 (full 26):
 PSYoungGen      total 418816K, used 418622K [0x00000000e0000000, 0x0000000100000000, 0x0000000100000000)
  eden space 341504K, 100% used [0x00000000e0000000,0x00000000f4d80000,0x00000000f4d80000)
  from space 77312K, 99% used [0x00000000f4d80000,0x00000000f98cfb70,0x00000000f9900000)
  to   space 101376K, 0% used [0x00000000f9d00000,0x00000000f9d00000,0x0000000100000000)
 ParOldGen       total 259072K, used 192733K [0x00000000a0000000, 0x00000000afd00000, 0x00000000e0000000)
  object space 259072K, 74% used [0x00000000a0000000,0x00000000abc37448,0x00000000afd00000)
 Metaspace       used 85540K, capacity 91382K, committed 93696K, reserved 1130496K
  class space    used 10915K, capacity 11743K, committed 12288K, reserved 1048576K
Event: 10646.735 GC heap after
Heap after GC invocations=182 (full 26):
 PSYoungGen      total 321536K, used 101351K [0x00000000e0000000, 0x0000000100000000, 0x0000000100000000)
  eden space 220160K, 0% used [0x00000000e0000000,0x00000000e0000000,0x00000000ed700000)
  from space 101376K, 99% used [0x00000000f9d00000,0x00000000ffff9ee8,0x0000000100000000)
  to   space 152064K, 0% used [0x00000000ed700000,0x00000000ed700000,0x00000000f6b80000)
 ParOldGen       total 283136K, used 283085K [0x00000000a0000000, 0x00000000b1480000, 0x00000000e0000000)
  object space 283136K, 99% used [0x00000000a0000000,0x00000000b1473508,0x00000000b1480000)
 Metaspace       used 85540K, capacity 91382K, committed 93696K, reserved 1130496K
  class space    used 10915K, capacity 11743K, committed 12288K, reserved 1048576K
}
Event: 10646.735 GC heap before
{Heap before GC invocations=183 (full 27):
 PSYoungGen      total 321536K, used 101351K [0x00000000e0000000, 0x0000000100000000, 0x0000000100000000)
  eden space 220160K, 0% used [0x00000000e0000000,0x00000000e0000000,0x00000000ed700000)
  from space 101376K, 99% used [0x00000000f9d00000,0x00000000ffff9ee8,0x0000000100000000)
  to   space 152064K, 0% used [0x00000000ed700000,0x00000000ed700000,0x00000000f6b80000)
 ParOldGen       total 283136K, used 283085K [0x00000000a0000000, 0x00000000b1480000, 0x00000000e0000000)
  object space 283136K, 99% used [0x00000000a0000000,0x00000000b1473508,0x00000000b1480000)
 Metaspace       used 85540K, capacity 91382K, committed 93696K, reserved 1130496K
  class space    used 10915K, capacity 11743K, committed 12288K, reserved 1048576K

